2024-04-15 12:50:51 - Starting the pipeline...
2024-04-15 12:52:26 - Running NanoPlot...
2024-04-15 13:10:37 - Nanoplot analysis completed. Results are stored in /mnt/data/lj752/data/MSc_training/15_APR_final/366/data_output/nanoplot
2024-04-15 13:10:37 - Starting Flye analysis ...
2024-04-15 16:35:14 - Flye analysis completed. Results are stored in /mnt/data/lj752/data/MSc_training/15_APR_final/366/data_output/flye
2024-04-15 16:35:14 - Starting Meryl analysis...
2024-04-15 16:35:16 - Meryl analysis completed. Results are stored in /mnt/data/lj752/data/MSc_training/15_APR_final/366/data_output/meryl
2024-04-15 16:35:16 - Starting Merqury analysis...
2024-04-15 16:35:38 - Merqury analysis completed. Results are stored in /mnt/data/lj752/data/MSc_training/15_APR_final/366/data_output/merqury
2024-04-15 16:35:38 - Starting Medaka analysis...
2024-04-15 16:36:11 - Starting second Medaka iteration...
2024-04-15 16:37:19 - Medaka analysis completed. Results are stored in /mnt/data/lj752/data/MSc_training/15_APR_final/366/data_output/medaka
2024-04-15 16:37:19 - Starting MetaWrap analysis...
2024-04-15 16:37:19 - Using Conda environment: metawrap_env
2024-04-16 04:27:41 - Metawrap analysis completed. Results are stored in /mnt/data/lj752/data/MSc_training/15_APR_final/366/data_output/metawrap
2024-04-16 04:27:41 - Found Kraken2 database location in config: /mnt/data/lj752/data/MSc_training/scripting/K2_DB_DOWNLOAD/
2024-04-16 04:27:41 - Starting  Kraken2 analysis...
2024-04-16 04:27:41 - Unique directories found: /mnt/data/lj752/data/MSc_training/15_APR_final/366/data_output/metawrap/final_bins/metawrap_70_10_bins
2024-04-16 04:27:41 - Processing directory: /mnt/data/lj752/data/MSc_training/15_APR_final/366/data_output/metawrap/final_bins/metawrap_70_10_bins
2024-04-16 04:27:41 - Running Kraken2 analysis on /mnt/data/lj752/data/MSc_training/15_APR_final/366/data_output/metawrap/final_bins/metawrap_70_10_bins/bin.2.fa...
2024-04-16 04:28:10 - Running Kraken2 analysis on /mnt/data/lj752/data/MSc_training/15_APR_final/366/data_output/metawrap/final_bins/metawrap_70_10_bins/bin.1.fa...
2024-04-16 04:28:38 - Kraken2 analysis completed. Results are stored in /mnt/data/lj752/data/MSc_training/15_APR_final/366/data_output/metawrap
2024-04-16 04:28:38 - Pipeline execution completed.
