2024-04-15 12:49:50 - Starting the pipeline...
2024-04-15 12:50:35 - Running NanoPlot...
2024-04-15 13:06:29 - Nanoplot analysis completed. Results are stored in /mnt/data/lj752/data/MSc_training/15_APR_final/364/data_output/nanoplot
2024-04-15 13:06:29 - Starting Flye analysis ...
2024-04-15 16:05:54 - Flye analysis completed. Results are stored in /mnt/data/lj752/data/MSc_training/15_APR_final/364/data_output/flye
2024-04-15 16:05:54 - Starting Meryl analysis...
2024-04-15 16:05:59 - Meryl analysis completed. Results are stored in /mnt/data/lj752/data/MSc_training/15_APR_final/364/data_output/meryl
2024-04-15 16:05:59 - Starting Merqury analysis...
2024-04-15 16:06:42 - Merqury analysis completed. Results are stored in /mnt/data/lj752/data/MSc_training/15_APR_final/364/data_output/merqury
2024-04-15 16:06:42 - Starting Medaka analysis...
2024-04-15 16:08:20 - Starting second Medaka iteration...
2024-04-15 16:12:22 - Medaka analysis completed. Results are stored in /mnt/data/lj752/data/MSc_training/15_APR_final/364/data_output/medaka
2024-04-15 16:12:22 - Starting MetaWrap analysis...
2024-04-15 16:12:23 - Using Conda environment: metawrap_env
2024-04-16 03:57:30 - Metawrap analysis completed. Results are stored in /mnt/data/lj752/data/MSc_training/15_APR_final/364/data_output/metawrap
2024-04-16 03:57:30 - Found Kraken2 database location in config: /mnt/data/lj752/data/MSc_training/scripting/K2_DB_DOWNLOAD/
2024-04-16 03:57:30 - Starting  Kraken2 analysis...
2024-04-16 03:57:30 - Unique directories found: /mnt/data/lj752/data/MSc_training/15_APR_final/364/data_output/metawrap/final_bins/metawrap_70_10_bins
2024-04-16 03:57:30 - Processing directory: /mnt/data/lj752/data/MSc_training/15_APR_final/364/data_output/metawrap/final_bins/metawrap_70_10_bins
2024-04-16 03:57:30 - Running Kraken2 analysis on /mnt/data/lj752/data/MSc_training/15_APR_final/364/data_output/metawrap/final_bins/metawrap_70_10_bins/bin.5.fa...
2024-04-16 04:01:03 - Running Kraken2 analysis on /mnt/data/lj752/data/MSc_training/15_APR_final/364/data_output/metawrap/final_bins/metawrap_70_10_bins/bin.8.fa...
2024-04-16 04:01:32 - Running Kraken2 analysis on /mnt/data/lj752/data/MSc_training/15_APR_final/364/data_output/metawrap/final_bins/metawrap_70_10_bins/bin.2.fa...
2024-04-16 04:02:00 - Running Kraken2 analysis on /mnt/data/lj752/data/MSc_training/15_APR_final/364/data_output/metawrap/final_bins/metawrap_70_10_bins/bin.1.fa...
2024-04-16 04:02:28 - Running Kraken2 analysis on /mnt/data/lj752/data/MSc_training/15_APR_final/364/data_output/metawrap/final_bins/metawrap_70_10_bins/bin.6.fa...
2024-04-16 04:02:56 - Running Kraken2 analysis on /mnt/data/lj752/data/MSc_training/15_APR_final/364/data_output/metawrap/final_bins/metawrap_70_10_bins/bin.4.fa...
2024-04-16 04:03:24 - Running Kraken2 analysis on /mnt/data/lj752/data/MSc_training/15_APR_final/364/data_output/metawrap/final_bins/metawrap_70_10_bins/bin.3.fa...
2024-04-16 04:03:53 - Running Kraken2 analysis on /mnt/data/lj752/data/MSc_training/15_APR_final/364/data_output/metawrap/final_bins/metawrap_70_10_bins/bin.7.fa...
2024-04-16 04:04:22 - Kraken2 analysis completed. Results are stored in /mnt/data/lj752/data/MSc_training/15_APR_final/364/data_output/metawrap
2024-04-16 04:04:22 - Pipeline execution completed.
